[2015-05-29 00:16:09.364] [INFO] access_log - GET /
[2015-05-29 00:26:45.543] [INFO] access_log - GET /
[2015-05-29 00:27:10.415] [INFO] access_log - GET /
[2015-05-29 01:45:49.394] [INFO] access_log - GET /
[2015-05-29 01:45:56.681] [INFO] access_log - GET /
[2015-05-29 01:57:21.565] [INFO] access_log - GET /
[2015-05-29 02:43:23.676] [INFO] access_log - GET /
[2015-05-29 02:43:34.738] [INFO] access_log - GET /
[2015-05-29 03:36:30.757] [INFO] access_log - GET /
[2015-05-29 03:36:45.427] [INFO] access_log - GET /
[2015-05-29 04:41:26.487] [INFO] access_log - GET /
[2015-05-29 04:41:27.203] [INFO] access_log - GET /
[2015-05-29 04:50:10.602] [INFO] access_log - GET /
[2015-05-29 04:50:23.866] [INFO] access_log - GET /
[2015-05-29 06:05:46.514] [INFO] access_log - GET /
[2015-05-29 06:14:11.919] [INFO] access_log - GET /
[2015-05-29 06:14:22.377] [INFO] access_log - GET /
[2015-05-29 06:47:56.489] [INFO] access_log - GET /
[2015-05-29 06:47:59.122] [INFO] access_log - GET /
[2015-05-29 07:37:21.568] [INFO] access_log - GET /
[2015-05-29 07:37:46.660] [INFO] access_log - GET /
[2015-05-29 08:45:39.991] [INFO] access_log - GET /
[2015-05-29 08:46:00.901] [INFO] access_log - GET /
[2015-05-29 09:39:36.105] [INFO] access_log - GET /
[2015-05-29 09:40:51.812] [INFO] access_log - GET /
[2015-05-29 10:41:42.288] [INFO] access_log - GET /
[2015-05-29 10:43:23.449] [INFO] access_log - GET /
[2015-05-29 13:05:53.794] [INFO] access_log - GET /read/1221_52.html
[2015-05-29 13:05:57.829] [INFO] access_log - GET /meizhuang/mianmo/1207_35.html
[2015-05-29 13:07:34.933] [INFO] access_log - GET /read/
[2015-05-29 13:07:40.224] [INFO] access_log - GET /method/yangsheng/0414_79.html
[2015-05-29 13:09:32.499] [INFO] access_log - GET /liwu/list_1_1.html
[2015-05-29 13:09:32.681] [INFO] access_log - GET /plus/flink.php
[2015-05-29 13:10:28.743] [INFO] access_log - GET /read/1221_51.html
[2015-05-29 13:10:46.612] [INFO] access_log - GET /read/1221_49.html
[2015-05-29 13:11:40.389] [INFO] access_log - GET /liwu/1205_13.html
[2015-05-29 13:33:29.240] [INFO] access_log - GET /
[2015-05-29 13:43:47.530] [INFO] access_log - GET /
[2015-05-29 15:03:03.248] [INFO] access_log - GET /
[2015-05-29 15:03:03.478] [INFO] access_log - GET /favicon.ico
